<?xml version="1.0" encoding="UTF-8" ?>
<testsuite tests="21" failures="0" name="cz.muni.fi.pa165.soccermanager.dao.PlayerDaoImplTest" time="0.85" errors="0" skipped="0">
  <properties>
[...]
</properties>
  <testcase classname="cz.muni.fi.pa165.soccermanager.dao.PlayerDaoImplTest" name="deleteTwoPlayers" time="0.136"/>
  <testcase classname="cz.muni.fi.pa165.soccermanager.dao.PlayerDaoImplTest" name="fetchByPositionNotFound" time="0.056"/>
  <testcase classname="cz.muni.fi.pa165.soccermanager.dao.PlayerDaoImplTest" name="fetchFreeAgents" time="0.095"/>
  <testcase classname="cz.muni.fi.pa165.soccermanager.dao.PlayerDaoImplTest" name="fetchFreeAgentsNotFound" time="0.029"/>
  <testcase classname="cz.muni.fi.pa165.soccermanager.dao.PlayerDaoImplTest" name="fetchByPosition" time="0.024"/>
  <testcase classname="cz.muni.fi.pa165.soccermanager.dao.PlayerDaoImplTest" name="updatePlayer" time="0.039"/>
  <testcase classname="cz.muni.fi.pa165.soccermanager.dao.PlayerDaoImplTest" name="deletePlayer" time="0.011"/>
  <testcase classname="cz.muni.fi.pa165.soccermanager.dao.PlayerDaoImplTest" name="fetchByIdPlayerNotFound" time="0.038"/>
  <testcase classname="cz.muni.fi.pa165.soccermanager.dao.PlayerDaoImplTest" name="insertTwoPlayers" time="0.011"/>
  <testcase classname="cz.muni.fi.pa165.soccermanager.dao.PlayerDaoImplTest" name="fetchByName" time="0.086"/>
  <testcase classname="cz.muni.fi.pa165.soccermanager.dao.PlayerDaoImplTest" name="fetchByTeam" time="0.102"/>
  <testcase classname="cz.muni.fi.pa165.soccermanager.dao.PlayerDaoImplTest" name="fetchByTeamNotFound" time="0.039"/>
  <testcase classname="cz.muni.fi.pa165.soccermanager.dao.PlayerDaoImplTest" name="fetchByIdAllTwoPlayers" time="0.028"/>
  <testcase classname="cz.muni.fi.pa165.soccermanager.dao.PlayerDaoImplTest" name="fetchByNationalityNotFound" time="0.052"/>
  <testcase classname="cz.muni.fi.pa165.soccermanager.dao.PlayerDaoImplTest" name="fetchByIdAllPlayer" time="0.024"/>
  <testcase classname="cz.muni.fi.pa165.soccermanager.dao.PlayerDaoImplTest" name="fetchByIdPlayer" time="0.01"/>
  <testcase classname="cz.muni.fi.pa165.soccermanager.dao.PlayerDaoImplTest" name="testInsertPlayer" time="0.008"/>
  <testcase classname="cz.muni.fi.pa165.soccermanager.dao.PlayerDaoImplTest" name="fetchByNameNotFound" time="0.021"/>
  <testcase classname="cz.muni.fi.pa165.soccermanager.dao.PlayerDaoImplTest" name="fetchByNationality" time="0.018"/>
  <testcase classname="cz.muni.fi.pa165.soccermanager.dao.PlayerDaoImplTest" name="updateTwoPlayeres" time="0.014"/>
  <testcase classname="cz.muni.fi.pa165.soccermanager.dao.PlayerDaoImplTest" name="fetchByIdTwoPlayers" time="0.009"/>
</testsuite>