<?xml version="1.0" encoding="UTF-8"?>
<testsuite name="cz.muni.fi.pa165.soccermanager.dao.ManagerDaoImplTest" time="1.091" tests="19" errors="0" skipped="0" failures="0">
  <properties>
[...]
</properties>
  <testcase name="fetchByNationalityManager" classname="cz.muni.fi.pa165.soccermanager.dao.ManagerDaoImplTest" time="0.537"/>
  <testcase name="testInsertManager" classname="cz.muni.fi.pa165.soccermanager.dao.ManagerDaoImplTest" time="0.021"/>
  <testcase name="fetchByNameManager" classname="cz.muni.fi.pa165.soccermanager.dao.ManagerDaoImplTest" time="0.032"/>
  <testcase name="fetchAllTwoManagers" classname="cz.muni.fi.pa165.soccermanager.dao.ManagerDaoImplTest" time="0.031"/>
  <testcase name="fetchByIdTwoManager" classname="cz.muni.fi.pa165.soccermanager.dao.ManagerDaoImplTest" time="0.02"/>
  <testcase name="updateManager" classname="cz.muni.fi.pa165.soccermanager.dao.ManagerDaoImplTest" time="0.024"/>
  <testcase name="fetchByEmailManagerNoResult" classname="cz.muni.fi.pa165.soccermanager.dao.ManagerDaoImplTest" time="0.034"/>
  <testcase name="fetchManagersWithoutTeam" classname="cz.muni.fi.pa165.soccermanager.dao.ManagerDaoImplTest" time="0.122"/>
  <testcase name="fetchByEmailManager" classname="cz.muni.fi.pa165.soccermanager.dao.ManagerDaoImplTest" time="0.029"/>
  <testcase name="updateTwoManagers" classname="cz.muni.fi.pa165.soccermanager.dao.ManagerDaoImplTest" time="0.028"/>
  <testcase name="fetchByNameManagerNoResult" classname="cz.muni.fi.pa165.soccermanager.dao.ManagerDaoImplTest" time="0.019"/>
  <testcase name="deleteManager" classname="cz.muni.fi.pa165.soccermanager.dao.ManagerDaoImplTest" time="0.018"/>
  <testcase name="fetchByTeamManager" classname="cz.muni.fi.pa165.soccermanager.dao.ManagerDaoImplTest" time="0.06"/>
  <testcase name="fetchByTeamManagerNoResult" classname="cz.muni.fi.pa165.soccermanager.dao.ManagerDaoImplTest" time="0.038"/>
  <testcase name="insertTwoManager" classname="cz.muni.fi.pa165.soccermanager.dao.ManagerDaoImplTest" time="0.016"/>
  <testcase name="fetchByIdManager" classname="cz.muni.fi.pa165.soccermanager.dao.ManagerDaoImplTest" time="0.013"/>
  <testcase name="deleteTwoManagers" classname="cz.muni.fi.pa165.soccermanager.dao.ManagerDaoImplTest" time="0.02"/>
  <testcase name="fetchByNationalityManagerNoResult" classname="cz.muni.fi.pa165.soccermanager.dao.ManagerDaoImplTest" time="0.014"/>
  <testcase name="fetchAllManager" classname="cz.muni.fi.pa165.soccermanager.dao.ManagerDaoImplTest" time="0.015"/>
</testsuite>